2025-11-24 18:09:53 [main] INFO  c.c.certificados.CertificadosApplicationTests - Starting CertificadosApplicationTests using Java 21.0.6 with PID 17744 (started by Lenovo Neo 50Q in C:\Users\Lenovo Neo 50Q\Documents\GitHub\Validar-Consultar-y-Descargar-Final)
2025-11-24 18:09:53 [main] INFO  c.c.certificados.CertificadosApplicationTests - No active profile set, falling back to 1 default profile: "default"
2025-11-24 18:09:56 [main] INFO  c.c.certificados.CertificadosApplicationTests - Started CertificadosApplicationTests in 3.882 seconds (process running for 5.492)
2025-11-24 18:22:05 [restartedMain] INFO  c.c.certificados.CertificadosApplication - Starting CertificadosApplication using Java 21.0.6 with PID 27096 (C:\Users\Lenovo Neo 50Q\Documents\GitHub\Validar-Consultar-y-Descargar-Final\target\classes started by Lenovo Neo 50Q in C:\Users\Lenovo Neo 50Q\Documents\GitHub\Validar-Consultar-y-Descargar-Final)
2025-11-24 18:22:05 [restartedMain] INFO  c.c.certificados.CertificadosApplication - No active profile set, falling back to 1 default profile: "default"
2025-11-24 18:22:07 [restartedMain] INFO  c.c.certificados.CertificadosApplication - Started CertificadosApplication in 2.667 seconds (process running for 3.066)
2025-11-24 18:22:09 [https-jsse-nio-9876-exec-7] INFO  c.c.certificados.service.atenciones.AnexarService - Iniciando obtenerDocumentosSoporte()
2025-11-24 18:22:09 [https-jsse-nio-9876-exec-8] INFO  c.c.c.service.atenciones.ConsultaService - Obteniendo datos de tabla - idTabla: 4, id: -1
2025-11-24 18:22:09 [https-jsse-nio-9876-exec-3] INFO  c.c.c.service.atenciones.ConsultaService - Obteniendo datos de tabla - idTabla: 2, id: -1
2025-11-24 18:22:10 [https-jsse-nio-9876-exec-8] INFO  c.c.c.service.atenciones.ConsultaService - Se obtuvieron 4 registros para idTabla: 4
2025-11-24 18:22:10 [https-jsse-nio-9876-exec-10] INFO  c.c.certificados.service.InicioService - Respuesta recibida: 1
2025-11-24 18:22:10 [https-jsse-nio-9876-exec-7] INFO  c.c.certificados.service.atenciones.AnexarService - obtenerDocumentosSoporte() devolvió 3 registros
2025-11-24 18:22:10 [https-jsse-nio-9876-exec-3] INFO  c.c.c.service.atenciones.ConsultaService - Se obtuvieron 51 registros para idTabla: 2
2025-11-24 18:27:10 [https-jsse-nio-9876-exec-10] INFO  c.c.certificados.service.InicioService - Respuesta recibida: 1
2025-11-24 18:27:11 [https-jsse-nio-9876-exec-5] INFO  c.c.certificados.service.InicioService - Respuesta recibida: 1
2025-11-24 18:27:12 [https-jsse-nio-9876-exec-2] INFO  c.c.c.service.atenciones.ConsultaService - Obteniendo datos de tabla - idTabla: 4, id: -1
2025-11-24 18:27:12 [https-jsse-nio-9876-exec-4] INFO  c.c.c.service.atenciones.ConsultaService - Obteniendo datos de tabla - idTabla: 2, id: -1
2025-11-24 18:27:12 [https-jsse-nio-9876-exec-7] INFO  c.c.certificados.service.atenciones.AnexarService - Iniciando obtenerDocumentosSoporte()
2025-11-24 18:27:12 [https-jsse-nio-9876-exec-4] INFO  c.c.c.service.atenciones.ConsultaService - Se obtuvieron 51 registros para idTabla: 2
2025-11-24 18:27:12 [https-jsse-nio-9876-exec-10] INFO  c.c.certificados.service.InicioService - Respuesta recibida: 1
2025-11-24 18:27:12 [https-jsse-nio-9876-exec-7] INFO  c.c.certificados.service.atenciones.AnexarService - obtenerDocumentosSoporte() devolvió 3 registros
2025-11-24 18:27:12 [https-jsse-nio-9876-exec-2] INFO  c.c.c.service.atenciones.ConsultaService - Se obtuvieron 4 registros para idTabla: 4
2025-11-24 18:27:15 [https-jsse-nio-9876-exec-9] INFO  c.c.certificados.service.atenciones.AnexarService - Iniciando obtenerDocumentosSoporte()
2025-11-24 18:27:15 [https-jsse-nio-9876-exec-1] INFO  c.c.c.service.atenciones.ConsultaService - Obteniendo datos de tabla - idTabla: 4, id: -1
2025-11-24 18:27:15 [https-jsse-nio-9876-exec-5] INFO  c.c.c.service.atenciones.ConsultaService - Obteniendo datos de tabla - idTabla: 2, id: -1
2025-11-24 18:27:15 [https-jsse-nio-9876-exec-1] INFO  c.c.c.service.atenciones.ConsultaService - Se obtuvieron 4 registros para idTabla: 4
2025-11-24 18:27:15 [https-jsse-nio-9876-exec-9] INFO  c.c.certificados.service.atenciones.AnexarService - obtenerDocumentosSoporte() devolvió 3 registros
2025-11-24 18:27:15 [https-jsse-nio-9876-exec-4] INFO  c.c.certificados.service.InicioService - Respuesta recibida: 1
2025-11-24 18:27:15 [https-jsse-nio-9876-exec-5] INFO  c.c.c.service.atenciones.ConsultaService - Se obtuvieron 51 registros para idTabla: 2
2025-11-24 18:27:17 [https-jsse-nio-9876-exec-2] INFO  c.c.certificados.service.FiltrobusquedaService - Iniciando búsqueda de atenciones
2025-11-24 18:27:18 [https-jsse-nio-9876-exec-2] INFO  c.c.certificados.service.FiltrobusquedaService - Consulta de atenciones retornó 0 registros
2025-11-24 18:27:19 [https-jsse-nio-9876-exec-10] INFO  c.c.certificados.service.FiltrobusquedaService - Iniciando búsqueda de atenciones
2025-11-24 18:27:20 [https-jsse-nio-9876-exec-10] INFO  c.c.certificados.service.FiltrobusquedaService - Consulta de atenciones retornó 0 registros
2025-11-24 18:27:24 [https-jsse-nio-9876-exec-7] INFO  c.c.certificados.service.FiltrobusquedaService - Iniciando búsqueda de atenciones
2025-11-24 18:27:24 [https-jsse-nio-9876-exec-7] INFO  c.c.certificados.service.FiltrobusquedaService - Consulta de atenciones retornó 0 registros
2025-11-24 18:27:29 [https-jsse-nio-9876-exec-8] INFO  c.c.certificados.service.FiltrobusquedaService - Iniciando búsqueda de atenciones
2025-11-24 18:27:29 [https-jsse-nio-9876-exec-8] INFO  c.c.certificados.service.FiltrobusquedaService - Consulta de atenciones retornó 0 registros
2025-11-24 18:27:30 [https-jsse-nio-9876-exec-3] INFO  c.c.certificados.service.FiltrobusquedaService - Iniciando búsqueda de atenciones
2025-11-24 18:27:30 [https-jsse-nio-9876-exec-3] INFO  c.c.certificados.service.FiltrobusquedaService - Consulta de atenciones retornó 0 registros
2025-11-24 18:27:32 [https-jsse-nio-9876-exec-6] INFO  c.c.certificados.service.FiltrobusquedaService - Iniciando búsqueda de atenciones
2025-11-24 18:27:32 [https-jsse-nio-9876-exec-6] INFO  c.c.certificados.service.FiltrobusquedaService - Consulta de atenciones retornó 0 registros
2025-11-24 18:28:14 [restartedMain] INFO  c.c.certificados.CertificadosApplication - Starting CertificadosApplication using Java 21.0.6 with PID 27096 (C:\Users\Lenovo Neo 50Q\Documents\GitHub\Validar-Consultar-y-Descargar-Final\target\classes started by Lenovo Neo 50Q in C:\Users\Lenovo Neo 50Q\Documents\GitHub\Validar-Consultar-y-Descargar-Final)
2025-11-24 18:28:14 [restartedMain] INFO  c.c.certificados.CertificadosApplication - No active profile set, falling back to 1 default profile: "default"
2025-11-24 18:28:15 [restartedMain] INFO  c.c.certificados.CertificadosApplication - Started CertificadosApplication in 0.476 seconds (process running for 370.383)
2025-11-24 18:28:17 [https-jsse-nio-9876-exec-10] INFO  c.c.c.service.atenciones.ConsultaService - Obteniendo datos de tabla - idTabla: 4, id: -1
2025-11-24 18:28:17 [https-jsse-nio-9876-exec-1] INFO  c.c.certificados.service.atenciones.AnexarService - Iniciando obtenerDocumentosSoporte()
2025-11-24 18:28:17 [https-jsse-nio-9876-exec-4] INFO  c.c.c.service.atenciones.ConsultaService - Obteniendo datos de tabla - idTabla: 2, id: -1
2025-11-24 18:28:17 [https-jsse-nio-9876-exec-2] INFO  c.c.certificados.service.InicioService - Respuesta recibida: 1
2025-11-24 18:28:17 [https-jsse-nio-9876-exec-10] INFO  c.c.c.service.atenciones.ConsultaService - Se obtuvieron 4 registros para idTabla: 4
2025-11-24 18:28:17 [https-jsse-nio-9876-exec-1] INFO  c.c.certificados.service.atenciones.AnexarService - obtenerDocumentosSoporte() devolvió 3 registros
2025-11-24 18:28:17 [https-jsse-nio-9876-exec-4] INFO  c.c.c.service.atenciones.ConsultaService - Se obtuvieron 51 registros para idTabla: 2
2025-11-24 18:28:19 [https-jsse-nio-9876-exec-9] INFO  c.c.certificados.service.FiltrobusquedaService - Iniciando búsqueda de atenciones
2025-11-24 18:28:19 [https-jsse-nio-9876-exec-9] INFO  c.c.certificados.service.FiltrobusquedaService - Parametros recibidos: IdAtencion=null, HistClinica=null, Cliente=null, NoContrato=null, IdAreaAtencion=null, IdUnidadAtencion=null, FechaDesde=2025-11-24, FechaHasta=2025-11-24, nFact=null, nCuentaCobro=null, soloFacturados=null, cantSoportes=4
2025-11-24 18:28:19 [https-jsse-nio-9876-exec-9] INFO  c.c.certificados.service.FiltrobusquedaService - Consulta de atenciones retornó 0 registros
2025-11-24 18:28:47 [https-jsse-nio-9876-exec-8] INFO  c.c.certificados.service.FiltrobusquedaService - Iniciando búsqueda de atenciones
2025-11-24 18:28:47 [https-jsse-nio-9876-exec-8] INFO  c.c.certificados.service.FiltrobusquedaService - Parametros recibidos: IdAtencion=null, HistClinica=null, Cliente=null, NoContrato=null, IdAreaAtencion=null, IdUnidadAtencion=null, FechaDesde=2025-10-01, FechaHasta=2025-11-24, nFact=null, nCuentaCobro=null, soloFacturados=null, cantSoportes=4
2025-11-24 18:28:47 [https-jsse-nio-9876-exec-8] INFO  c.c.certificados.service.FiltrobusquedaService - Consulta de atenciones retornó 0 registros
2025-11-24 18:28:51 [https-jsse-nio-9876-exec-3] INFO  c.c.certificados.service.FiltrobusquedaService - Iniciando búsqueda de atenciones
2025-11-24 18:28:51 [https-jsse-nio-9876-exec-3] INFO  c.c.certificados.service.FiltrobusquedaService - Parametros recibidos: IdAtencion=null, HistClinica=null, Cliente=null, NoContrato=null, IdAreaAtencion=null, IdUnidadAtencion=null, FechaDesde=2025-10-01, FechaHasta=2025-11-24, nFact=null, nCuentaCobro=null, soloFacturados=null, cantSoportes=4
2025-11-24 18:28:51 [https-jsse-nio-9876-exec-3] INFO  c.c.certificados.service.FiltrobusquedaService - Consulta de atenciones retornó 0 registros
2025-11-24 18:28:53 [https-jsse-nio-9876-exec-5] INFO  c.c.certificados.service.FiltrobusquedaService - Iniciando búsqueda de atenciones
2025-11-24 18:28:53 [https-jsse-nio-9876-exec-5] INFO  c.c.certificados.service.FiltrobusquedaService - Parametros recibidos: IdAtencion=null, HistClinica=null, Cliente=null, NoContrato=null, IdAreaAtencion=null, IdUnidadAtencion=null, FechaDesde=2025-10-01, FechaHasta=2025-11-24, nFact=null, nCuentaCobro=null, soloFacturados=null, cantSoportes=4
2025-11-24 18:28:53 [https-jsse-nio-9876-exec-5] INFO  c.c.certificados.service.FiltrobusquedaService - Consulta de atenciones retornó 0 registros
2025-11-24 18:28:53 [https-jsse-nio-9876-exec-6] INFO  c.c.certificados.service.FiltrobusquedaService - Iniciando búsqueda de atenciones
2025-11-24 18:28:53 [https-jsse-nio-9876-exec-6] INFO  c.c.certificados.service.FiltrobusquedaService - Parametros recibidos: IdAtencion=null, HistClinica=null, Cliente=null, NoContrato=null, IdAreaAtencion=null, IdUnidadAtencion=null, FechaDesde=2025-10-01, FechaHasta=2025-11-24, nFact=null, nCuentaCobro=null, soloFacturados=null, cantSoportes=4
2025-11-24 18:28:53 [https-jsse-nio-9876-exec-6] INFO  c.c.certificados.service.FiltrobusquedaService - Consulta de atenciones retornó 0 registros
2025-11-24 18:28:55 [https-jsse-nio-9876-exec-7] INFO  c.c.certificados.service.FiltrobusquedaService - Iniciando búsqueda de atenciones
2025-11-24 18:28:55 [https-jsse-nio-9876-exec-7] INFO  c.c.certificados.service.FiltrobusquedaService - Parametros recibidos: IdAtencion=null, HistClinica=null, Cliente=null, NoContrato=null, IdAreaAtencion=null, IdUnidadAtencion=null, FechaDesde=2025-10-01, FechaHasta=2025-11-24, nFact=null, nCuentaCobro=null, soloFacturados=null, cantSoportes=4
2025-11-24 18:28:56 [https-jsse-nio-9876-exec-7] INFO  c.c.certificados.service.FiltrobusquedaService - Consulta de atenciones retornó 0 registros
2025-11-24 18:32:31 [https-jsse-nio-9876-exec-8] INFO  c.c.certificados.service.atenciones.AnexarService - Iniciando obtenerDocumentosSoporte()
2025-11-24 18:32:31 [https-jsse-nio-9876-exec-4] INFO  c.c.c.service.atenciones.ConsultaService - Obteniendo datos de tabla - idTabla: 2, id: -1
2025-11-24 18:32:31 [https-jsse-nio-9876-exec-9] INFO  c.c.c.service.atenciones.ConsultaService - Obteniendo datos de tabla - idTabla: 4, id: -1
2025-11-24 18:32:32 [https-jsse-nio-9876-exec-3] INFO  c.c.certificados.service.InicioService - Respuesta recibida: 1
2025-11-24 18:32:32 [https-jsse-nio-9876-exec-9] INFO  c.c.c.service.atenciones.ConsultaService - Se obtuvieron 4 registros para idTabla: 4
2025-11-24 18:32:32 [https-jsse-nio-9876-exec-8] INFO  c.c.certificados.service.atenciones.AnexarService - obtenerDocumentosSoporte() devolvió 3 registros
2025-11-24 18:32:32 [https-jsse-nio-9876-exec-4] INFO  c.c.c.service.atenciones.ConsultaService - Se obtuvieron 51 registros para idTabla: 2
2025-11-24 18:32:35 [https-jsse-nio-9876-exec-5] INFO  c.c.certificados.service.FiltrobusquedaService - Iniciando búsqueda de atenciones
2025-11-24 18:32:35 [https-jsse-nio-9876-exec-5] INFO  c.c.certificados.service.FiltrobusquedaService - Parametros recibidos: IdAtencion=null, HistClinica=null, Cliente=null, NoContrato=null, IdAreaAtencion=null, IdUnidadAtencion=null, FechaDesde=2025-11-01, FechaHasta=2025-11-24, nFact=null, nCuentaCobro=null, soloFacturados=null, cantSoportes=4
2025-11-24 18:32:35 [https-jsse-nio-9876-exec-5] INFO  c.c.certificados.service.FiltrobusquedaService - Consulta de atenciones retornó 2 registros
2025-11-24 18:32:38 [https-jsse-nio-9876-exec-6] INFO  c.c.certificados.service.FiltrobusquedaService - Iniciando búsqueda de atenciones
2025-11-24 18:32:38 [https-jsse-nio-9876-exec-6] INFO  c.c.certificados.service.FiltrobusquedaService - Parametros recibidos: IdAtencion=null, HistClinica=null, Cliente=null, NoContrato=null, IdAreaAtencion=null, IdUnidadAtencion=null, FechaDesde=2025-11-01, FechaHasta=2025-11-24, nFact=null, nCuentaCobro=null, soloFacturados=null, cantSoportes=4
2025-11-24 18:32:38 [https-jsse-nio-9876-exec-6] INFO  c.c.certificados.service.FiltrobusquedaService - Consulta de atenciones retornó 2 registros
